<?xml version="1.0" encoding="UTF-8"?>
<testng-results ignored="0" total="1" passed="1" failed="0" skipped="0">
  <reporter-output>
  </reporter-output>
  <suite started-at="2022-01-06T22:49:09 IST" name="N11 Test Suite" finished-at="2022-01-06T22:49:59 IST" duration-ms="49413">
    <groups>
    </groups>
    <test started-at="2022-01-06T22:49:09 IST" name="LoginTest" finished-at="2022-01-06T22:49:59 IST" duration-ms="49413">
      <class name="tests.AgentSignUpFlow">
        <test-method is-config="true" signature="setup()[pri:0, instance:tests.AgentSignUpFlow@35e2d654]" started-at="2022-01-06T22:49:09 IST" name="setup" finished-at="2022-01-06T22:49:13 IST" duration-ms="3131" status="PASS">
          <reporter-output>
          </reporter-output>
        </test-method> <!-- setup -->
        <test-method signature="TC_Negative_Verify_that_Agent_ShouldGet_TheValidationError_InCaseOfEmptyFields()[pri:0, instance:tests.AgentSignUpFlow@35e2d654]" started-at="2022-01-06T22:49:13 IST" name="TC_Negative_Verify_that_Agent_ShouldGet_TheValidationError_InCaseOfEmptyFields" description="Verify that agent should get validation error in case of empty fields" finished-at="2022-01-06T22:49:59 IST" duration-ms="46176" status="PASS">
          <reporter-output>
          </reporter-output>
        </test-method> <!-- TC_Negative_Verify_that_Agent_ShouldGet_TheValidationError_InCaseOfEmptyFields -->
        <test-method is-config="true" signature="teardown()[pri:0, instance:tests.AgentSignUpFlow@35e2d654]" started-at="2022-01-06T22:49:59 IST" name="teardown" finished-at="2022-01-06T22:49:59 IST" duration-ms="1" status="PASS">
          <reporter-output>
          </reporter-output>
        </test-method> <!-- teardown -->
      </class> <!-- tests.AgentSignUpFlow -->
    </test> <!-- LoginTest -->
  </suite> <!-- N11 Test Suite -->
</testng-results>
