<?xml version="1.0" encoding="UTF-8"?>
<testng-results ignored="0" total="8" passed="7" failed="1" skipped="0">
  <reporter-output>
  </reporter-output>
  <suite started-at="2022-01-11T23:22:53 IST" name="N11 Test Suite" finished-at="2022-01-11T23:24:09 IST" duration-ms="75530">
    <groups>
    </groups>
    <test started-at="2022-01-11T23:22:53 IST" name="LoginTest" finished-at="2022-01-11T23:24:09 IST" duration-ms="75530">
      <class name="tests.AgentSignUp">
        <test-method is-config="true" signature="setup()[pri:0, instance:tests.AgentSignUp@74f0ea28]" started-at="2022-01-11T23:22:53 IST" name="setup" finished-at="2022-01-11T23:22:56 IST" duration-ms="2976" status="PASS">
          <reporter-output>
          </reporter-output>
        </test-method> <!-- setup -->
        <test-method signature="TC_Negative_Verify_that_Agent_ShouldGet_TheValidationError_InCaseOfEmptyFields()[pri:0, instance:tests.AgentSignUp@74f0ea28]" started-at="2022-01-11T23:22:56 IST" name="TC_Negative_Verify_that_Agent_ShouldGet_TheValidationError_InCaseOfEmptyFields" description="Verify that agent should get validation error in case of empty fields" finished-at="2022-01-11T23:23:05 IST" duration-ms="8688" status="PASS">
          <reporter-output>
          </reporter-output>
        </test-method> <!-- TC_Negative_Verify_that_Agent_ShouldGet_TheValidationError_InCaseOfEmptyFields -->
        <test-method signature="TC_Negative_Verify_that_Agent_Should_GetError_OnEnter_InvalidNumber()[pri:1, instance:tests.AgentSignUp@74f0ea28]" started-at="2022-01-11T23:23:05 IST" name="TC_Negative_Verify_that_Agent_Should_GetError_OnEnter_InvalidNumber" description="Verify that error get displayed when agent enter invalid number" finished-at="2022-01-11T23:23:11 IST" duration-ms="5864" status="PASS">
          <reporter-output>
          </reporter-output>
        </test-method> <!-- TC_Negative_Verify_that_Agent_Should_GetError_OnEnter_InvalidNumber -->
        <test-method signature="TC_Negative_Verify_that_Agent_Should_GetError_OnEnter_InvalidEmail()[pri:2, instance:tests.AgentSignUp@74f0ea28]" started-at="2022-01-11T23:23:11 IST" name="TC_Negative_Verify_that_Agent_Should_GetError_OnEnter_InvalidEmail" description="Verify that error get displayed when agent enter invalid email" finished-at="2022-01-11T23:23:19 IST" duration-ms="8060" status="PASS">
          <reporter-output>
          </reporter-output>
        </test-method> <!-- TC_Negative_Verify_that_Agent_Should_GetError_OnEnter_InvalidEmail -->
        <test-method signature="TC_Negative_Verify_that_Agent_Should_GetError_OnEnter_AlreadyExistUser()[pri:3, instance:tests.AgentSignUp@74f0ea28]" started-at="2022-01-11T23:23:19 IST" name="TC_Negative_Verify_that_Agent_Should_GetError_OnEnter_AlreadyExistUser" description="Verify that error get displayed when agent enter already exist user email" finished-at="2022-01-11T23:23:32 IST" duration-ms="13041" status="PASS">
          <reporter-output>
          </reporter-output>
        </test-method> <!-- TC_Negative_Verify_that_Agent_Should_GetError_OnEnter_AlreadyExistUser -->
        <test-method signature="TC_Negative_Verify_that_Agent_ShouldNot_AbleToEnter_AlphabeticalValue_inMobileNumber_Field()[pri:4, instance:tests.AgentSignUp@74f0ea28]" started-at="2022-01-11T23:23:32 IST" name="TC_Negative_Verify_that_Agent_ShouldNot_AbleToEnter_AlphabeticalValue_inMobileNumber_Field" description="Verify that agent not able to enter alphabetical value in mobile number field" finished-at="2022-01-11T23:23:34 IST" duration-ms="1940" status="PASS">
          <reporter-output>
          </reporter-output>
        </test-method> <!-- TC_Negative_Verify_that_Agent_ShouldNot_AbleToEnter_AlphabeticalValue_inMobileNumber_Field -->
        <test-method signature="TC_Negative_Verify_that_Agent_Should_ValidateFirstForm_InCaseOfValidFields()[pri:5, instance:tests.AgentSignUp@74f0ea28]" started-at="2022-01-11T23:23:34 IST" name="TC_Negative_Verify_that_Agent_Should_ValidateFirstForm_InCaseOfValidFields" description="Verify that agent should get validate first form in case of valid fields" finished-at="2022-01-11T23:23:55 IST" duration-ms="21310" status="PASS">
          <reporter-output>
          </reporter-output>
        </test-method> <!-- TC_Negative_Verify_that_Agent_Should_ValidateFirstForm_InCaseOfValidFields -->
        <test-method signature="TC_Negative_Verify_that_Agent_ShouldGet_TheValidationError_InCaseOfEmptyFields_Step2()[pri:7, instance:tests.AgentSignUp@74f0ea28]" started-at="2022-01-11T23:23:55 IST" name="TC_Negative_Verify_that_Agent_ShouldGet_TheValidationError_InCaseOfEmptyFields_Step2" description="Verify that agent should get validation error in case of empty fields-step 2" finished-at="2022-01-11T23:24:01 IST" duration-ms="5658" status="PASS">
          <reporter-output>
          </reporter-output>
        </test-method> <!-- TC_Negative_Verify_that_Agent_ShouldGet_TheValidationError_InCaseOfEmptyFields_Step2 -->
        <test-method signature="TC_Negative_Verify_that_Agent_ShouldbeAble_ToUpload_ImageSuccessfully()[pri:8, instance:tests.AgentSignUp@74f0ea28]" started-at="2022-01-11T23:24:01 IST" name="TC_Negative_Verify_that_Agent_ShouldbeAble_ToUpload_ImageSuccessfully" description="Verify that agent should be able to upload image successfully" finished-at="2022-01-11T23:24:08 IST" duration-ms="7198" status="FAIL">
          <exception class="java.lang.NullPointerException">
            <message>
              <![CDATA[Cannot read the array length because "files" is null]]>
            </message>
            <full-stacktrace>
              <![CDATA[java.lang.NullPointerException: Cannot read the array length because "files" is null
at pages.PageAgentSignUp.uploadimage(PageAgentSignUp.java:631)
at tests.AgentSignUp.TC_Negative_Verify_that_Agent_ShouldbeAble_ToUpload_ImageSuccessfully(AgentSignUp.java:296)
at java.base/jdk.internal.reflect.NativeMethodAccessorImpl.invoke0(Native Method)
at java.base/jdk.internal.reflect.NativeMethodAccessorImpl.invoke(NativeMethodAccessorImpl.java:77)
at java.base/jdk.internal.reflect.DelegatingMethodAccessorImpl.invoke(DelegatingMethodAccessorImpl.java:43)
at java.base/java.lang.reflect.Method.invoke(Method.java:568)
at org.testng.internal.MethodInvocationHelper.invokeMethod(MethodInvocationHelper.java:133)
at org.testng.internal.TestInvoker.invokeMethod(TestInvoker.java:598)
at org.testng.internal.TestInvoker.invokeTestMethod(TestInvoker.java:173)
at org.testng.internal.MethodRunner.runInSequence(MethodRunner.java:46)
at org.testng.internal.TestInvoker$MethodInvocationAgent.invoke(TestInvoker.java:824)
at org.testng.internal.TestInvoker.invokeTestMethods(TestInvoker.java:146)
at org.testng.internal.TestMethodWorker.invokeTestMethods(TestMethodWorker.java:146)
at org.testng.internal.TestMethodWorker.run(TestMethodWorker.java:128)
at java.base/java.util.ArrayList.forEach(ArrayList.java:1511)
at org.testng.TestRunner.privateRun(TestRunner.java:794)
at org.testng.TestRunner.run(TestRunner.java:596)
at org.testng.SuiteRunner.runTest(SuiteRunner.java:377)
at org.testng.SuiteRunner.runSequentially(SuiteRunner.java:371)
at org.testng.SuiteRunner.privateRun(SuiteRunner.java:332)
at org.testng.SuiteRunner.run(SuiteRunner.java:276)
at org.testng.SuiteRunnerWorker.runSuite(SuiteRunnerWorker.java:53)
at org.testng.SuiteRunnerWorker.run(SuiteRunnerWorker.java:96)
at org.testng.TestNG.runSuitesSequentially(TestNG.java:1212)
at org.testng.TestNG.runSuitesLocally(TestNG.java:1134)
at org.testng.TestNG.runSuites(TestNG.java:1063)
at org.testng.TestNG.run(TestNG.java:1031)
at org.testng.remote.AbstractRemoteTestNG.run(AbstractRemoteTestNG.java:115)
at org.testng.remote.RemoteTestNG.initAndRun(RemoteTestNG.java:251)
at org.testng.remote.RemoteTestNG.main(RemoteTestNG.java:77)
]]>
            </full-stacktrace>
          </exception> <!-- java.lang.NullPointerException -->
          <reporter-output>
          </reporter-output>
        </test-method> <!-- TC_Negative_Verify_that_Agent_ShouldbeAble_ToUpload_ImageSuccessfully -->
        <test-method is-config="true" signature="teardown()[pri:0, instance:tests.AgentSignUp@74f0ea28]" started-at="2022-01-11T23:24:09 IST" name="teardown" finished-at="2022-01-11T23:24:09 IST" duration-ms="0" status="PASS">
          <reporter-output>
          </reporter-output>
        </test-method> <!-- teardown -->
      </class> <!-- tests.AgentSignUp -->
    </test> <!-- LoginTest -->
  </suite> <!-- N11 Test Suite -->
</testng-results>
