<?xml version="1.0" encoding="UTF-8"?>
<testng-results ignored="0" total="2" passed="2" failed="0" skipped="0">
  <reporter-output>
  </reporter-output>
  <suite started-at="2021-12-30T18:52:22 IST" name="N11 Test Suite" finished-at="2021-12-30T18:53:26 IST" duration-ms="63748">
    <groups>
    </groups>
    <test started-at="2021-12-30T18:52:22 IST" name="LoginTest" finished-at="2021-12-30T18:53:26 IST" duration-ms="63748">
      <class name="tests.AgentSignUp">
        <test-method is-config="true" signature="setup()[pri:0, instance:tests.AgentSignUp@49139829]" started-at="2021-12-30T18:52:22 IST" name="setup" finished-at="2021-12-30T18:52:25 IST" duration-ms="3248" status="PASS">
          <reporter-output>
          </reporter-output>
        </test-method> <!-- setup -->
        <test-method signature="TC_Negative_Verify_that_Agent_ShouldGet_TheValidationError_InCaseOfEmptyFields()[pri:0, instance:tests.AgentSignUp@49139829]" started-at="2021-12-30T18:52:25 IST" name="TC_Negative_Verify_that_Agent_ShouldGet_TheValidationError_InCaseOfEmptyFields" description="Verify that agent should get validation error in case of empty fields" finished-at="2021-12-30T18:52:35 IST" duration-ms="9591" status="PASS">
          <reporter-output>
          </reporter-output>
        </test-method> <!-- TC_Negative_Verify_that_Agent_ShouldGet_TheValidationError_InCaseOfEmptyFields -->
        <test-method signature="TC_Negative_Verify_that_Agent_Should_ValidateFirstForm_InCaseOfValidFields()[pri:1, instance:tests.AgentSignUp@49139829]" started-at="2021-12-30T18:52:35 IST" name="TC_Negative_Verify_that_Agent_Should_ValidateFirstForm_InCaseOfValidFields" description="Verify that agent should get validate first form in case of valid fields" finished-at="2021-12-30T18:53:26 IST" duration-ms="50831" status="PASS">
          <reporter-output>
          </reporter-output>
        </test-method> <!-- TC_Negative_Verify_that_Agent_Should_ValidateFirstForm_InCaseOfValidFields -->
        <test-method is-config="true" signature="teardown()[pri:0, instance:tests.AgentSignUp@49139829]" started-at="2021-12-30T18:53:26 IST" name="teardown" finished-at="2021-12-30T18:53:26 IST" duration-ms="1" status="PASS">
          <reporter-output>
          </reporter-output>
        </test-method> <!-- teardown -->
      </class> <!-- tests.AgentSignUp -->
    </test> <!-- LoginTest -->
  </suite> <!-- N11 Test Suite -->
</testng-results>
