<?xml version="1.0" encoding="UTF-8"?>
<testng-results ignored="2" total="3" passed="1" failed="0" skipped="0">
  <reporter-output>
  </reporter-output>
  <suite started-at="2022-01-08T20:37:53 IST" name="N11 Test Suite" finished-at="2022-01-08T20:40:37 IST" duration-ms="163742">
    <groups>
    </groups>
    <test started-at="2022-01-08T20:37:53 IST" name="LoginTest" finished-at="2022-01-08T20:40:37 IST" duration-ms="163742">
      <class name="tests.AgentSignUpFlow">
        <test-method is-config="true" signature="setup()[pri:0, instance:tests.AgentSignUpFlow@55183b20]" started-at="2022-01-08T20:37:53 IST" name="setup" finished-at="2022-01-08T20:38:03 IST" duration-ms="10154" status="PASS">
          <reporter-output>
          </reporter-output>
        </test-method> <!-- setup -->
        <test-method signature="TC_Positive_Verify_that_Agent_Should_AbleTo_ResumeToStep4_WhenOnlyStep3Form_Submitted()[pri:0, instance:tests.AgentSignUpFlow@55183b20]" started-at="2022-01-08T20:38:03 IST" name="TC_Positive_Verify_that_Agent_Should_AbleTo_ResumeToStep4_WhenOnlyStep3Form_Submitted" description="Verify that agent should resume to step 4 when only step 3 form is submitted through login" finished-at="2022-01-08T20:40:37 IST" duration-ms="153484" status="PASS">
          <reporter-output>
          </reporter-output>
        </test-method> <!-- TC_Positive_Verify_that_Agent_Should_AbleTo_ResumeToStep4_WhenOnlyStep3Form_Submitted -->
        <test-method is-config="true" signature="teardown()[pri:0, instance:tests.AgentSignUpFlow@55183b20]" started-at="2022-01-08T20:40:37 IST" name="teardown" finished-at="2022-01-08T20:40:37 IST" duration-ms="0" status="PASS">
          <reporter-output>
          </reporter-output>
        </test-method> <!-- teardown -->
      </class> <!-- tests.AgentSignUpFlow -->
    </test> <!-- LoginTest -->
  </suite> <!-- N11 Test Suite -->
</testng-results>
