<?xml version="1.0" encoding="UTF-8"?>
<testng-results ignored="0" total="1" passed="1" failed="0" skipped="0">
  <reporter-output>
  </reporter-output>
  <suite started-at="2024-03-18T17:54:12 IST" name="N11 Test Suite" finished-at="2024-03-18T17:54:53 IST" duration-ms="41091">
    <groups>
    </groups>
    <test started-at="2024-03-18T17:54:12 IST" name="LoginTest" finished-at="2024-03-18T17:54:53 IST" duration-ms="41091">
      <class name="tests.AgentReportFlowTest">
        <test-method is-config="true" signature="setup()[pri:0, instance:tests.AgentReportFlowTest@7c7a06ec]" started-at="2024-03-18T17:54:12 IST" name="setup" finished-at="2024-03-18T17:54:14 IST" duration-ms="1999" status="PASS">
          <reporter-output>
          </reporter-output>
        </test-method> <!-- setup -->
        <test-method signature="TC_Positive_Verify_that_Agent_Should_AbletoLogin_OrangeScrum_Successfully()[pri:0, instance:tests.AgentReportFlowTest@7c7a06ec]" started-at="2024-03-18T17:54:14 IST" name="TC_Positive_Verify_that_Agent_Should_AbletoLogin_OrangeScrum_Successfully" description="Verify that agent should be able to logged in successfully in OrangeScrum" finished-at="2024-03-18T17:54:53 IST" duration-ms="39052" status="PASS">
          <reporter-output>
          </reporter-output>
        </test-method> <!-- TC_Positive_Verify_that_Agent_Should_AbletoLogin_OrangeScrum_Successfully -->
        <test-method is-config="true" signature="teardown()[pri:0, instance:tests.AgentReportFlowTest@7c7a06ec]" started-at="2024-03-18T17:54:53 IST" name="teardown" finished-at="2024-03-18T17:54:53 IST" duration-ms="0" status="PASS">
          <reporter-output>
          </reporter-output>
        </test-method> <!-- teardown -->
      </class> <!-- tests.AgentReportFlowTest -->
    </test> <!-- LoginTest -->
  </suite> <!-- N11 Test Suite -->
</testng-results>
