<?xml version="1.0" encoding="UTF-8"?>
<testng-results ignored="0" total="10" passed="10" failed="0" skipped="0">
  <reporter-output>
  </reporter-output>
  <suite started-at="2021-12-29T17:12:52 IST" name="N11 Test Suite" finished-at="2021-12-29T17:15:34 IST" duration-ms="161450">
    <groups>
    </groups>
    <test started-at="2021-12-29T17:12:52 IST" name="LoginTest" finished-at="2021-12-29T17:15:34 IST" duration-ms="161450">
      <class name="tests.ClientLogIn">
        <test-method is-config="true" signature="setup()[pri:0, instance:tests.ClientLogIn@747ddf94]" started-at="2021-12-29T17:12:52 IST" name="setup" finished-at="2021-12-29T17:12:56 IST" duration-ms="3299" status="PASS">
          <reporter-output>
          </reporter-output>
        </test-method> <!-- setup -->
        <test-method signature="TC_Positive_Verify_that_Client_ShouldAble_Toget_ErrorMessage_onUsing_InvalidNumber()[pri:1, instance:tests.ClientLogIn@747ddf94]" started-at="2021-12-29T17:12:56 IST" name="TC_Positive_Verify_that_Client_ShouldAble_Toget_ErrorMessage_onUsing_InvalidNumber" description="Verify that client should get the error message when using invalid number" finished-at="2021-12-29T17:13:09 IST" duration-ms="12950" status="PASS">
          <reporter-output>
          </reporter-output>
        </test-method> <!-- TC_Positive_Verify_that_Client_ShouldAble_Toget_ErrorMessage_onUsing_InvalidNumber -->
        <test-method signature="TC_Positive_Verify_that_Client_ShouldAble_cancel_LoginOnclick_CancelButton()[pri:1, instance:tests.ClientLogIn@747ddf94]" started-at="2021-12-29T17:13:09 IST" name="TC_Positive_Verify_that_Client_ShouldAble_cancel_LoginOnclick_CancelButton" description="Verify that client should able to cancel login onclick cancel icon" finished-at="2021-12-29T17:13:20 IST" duration-ms="11066" status="PASS">
          <reporter-output>
          </reporter-output>
        </test-method> <!-- TC_Positive_Verify_that_Client_ShouldAble_cancel_LoginOnclick_CancelButton -->
        <test-method signature="TC_Positive_Verify_that_Client_ShouldAble_ToLogin_Through_PhoneNumber()[pri:2, instance:tests.ClientLogIn@747ddf94]" started-at="2021-12-29T17:13:20 IST" name="TC_Positive_Verify_that_Client_ShouldAble_ToLogin_Through_PhoneNumber" description="Verify that client should able to login through phone number" finished-at="2021-12-29T17:13:30 IST" duration-ms="10011" status="PASS">
          <reporter-output>
          </reporter-output>
        </test-method> <!-- TC_Positive_Verify_that_Client_ShouldAble_ToLogin_Through_PhoneNumber -->
        <test-method signature="TC_Positive_Verify_that_Client_ShouldAble_Changethe_CountryCode()[pri:3, instance:tests.ClientLogIn@747ddf94]" started-at="2021-12-29T17:13:30 IST" name="TC_Positive_Verify_that_Client_ShouldAble_Changethe_CountryCode" description="Verify that client should able to change the country code" finished-at="2021-12-29T17:13:42 IST" duration-ms="12231" status="PASS">
          <reporter-output>
          </reporter-output>
        </test-method> <!-- TC_Positive_Verify_that_Client_ShouldAble_Changethe_CountryCode -->
        <test-method signature="TC_Positive_Verify_that_Client_ShouldAble_ToResend_OTPThrough_PhoneNumber()[pri:4, instance:tests.ClientLogIn@747ddf94]" started-at="2021-12-29T17:13:42 IST" name="TC_Positive_Verify_that_Client_ShouldAble_ToResend_OTPThrough_PhoneNumber" description="Verify that client should able to resend OTP through phone number" finished-at="2021-12-29T17:15:10 IST" duration-ms="87762" status="PASS">
          <reporter-output>
          </reporter-output>
        </test-method> <!-- TC_Positive_Verify_that_Client_ShouldAble_ToResend_OTPThrough_PhoneNumber -->
        <test-method signature="TC_Positive_Verify_that_Client_ShouldGet_ErrorMessage_inCaseof_Emptyfield()[pri:6, instance:tests.ClientLogIn@747ddf94]" started-at="2021-12-29T17:15:10 IST" name="TC_Positive_Verify_that_Client_ShouldGet_ErrorMessage_inCaseof_Emptyfield" description="Verify that client should get error message in case of empty field" finished-at="2021-12-29T17:15:15 IST" duration-ms="5435" status="PASS">
          <reporter-output>
          </reporter-output>
        </test-method> <!-- TC_Positive_Verify_that_Client_ShouldGet_ErrorMessage_inCaseof_Emptyfield -->
        <test-method signature="TC_Positive_Verify_that_Client_ShouldGet_ErrorMessage_inCaseofEmail_Emptyfield()[pri:7, instance:tests.ClientLogIn@747ddf94]" started-at="2021-12-29T17:15:15 IST" name="TC_Positive_Verify_that_Client_ShouldGet_ErrorMessage_inCaseofEmail_Emptyfield" description="Verify that client should get error message in case of email empty field" finished-at="2021-12-29T17:15:20 IST" duration-ms="4506" status="PASS">
          <reporter-output>
          </reporter-output>
        </test-method> <!-- TC_Positive_Verify_that_Client_ShouldGet_ErrorMessage_inCaseofEmail_Emptyfield -->
        <test-method signature="TC_Positive_Verify_that_Client_ShouldAble_Toget_ErrorMessage_onUsing_NonRegisteredEmail()[pri:8, instance:tests.ClientLogIn@747ddf94]" started-at="2021-12-29T17:15:20 IST" name="TC_Positive_Verify_that_Client_ShouldAble_Toget_ErrorMessage_onUsing_NonRegisteredEmail" description="Verify that client should get the error message when using non-registered email" finished-at="2021-12-29T17:15:24 IST" duration-ms="4355" status="PASS">
          <reporter-output>
          </reporter-output>
        </test-method> <!-- TC_Positive_Verify_that_Client_ShouldAble_Toget_ErrorMessage_onUsing_NonRegisteredEmail -->
        <test-method signature="TC_Positive_Verify_that_Client_ShouldGet_Error_OnUsingInvalidEmail()[pri:9, instance:tests.ClientLogIn@747ddf94]" started-at="2021-12-29T17:15:24 IST" name="TC_Positive_Verify_that_Client_ShouldGet_Error_OnUsingInvalidEmail" description="Verify that client should get error on using invalid email" finished-at="2021-12-29T17:15:28 IST" duration-ms="4410" status="PASS">
          <reporter-output>
          </reporter-output>
        </test-method> <!-- TC_Positive_Verify_that_Client_ShouldGet_Error_OnUsingInvalidEmail -->
        <test-method signature="TC_Positive_Verify_that_Client_Should_getValidMessage_onUsing_RegisteredEmail()[pri:10, instance:tests.ClientLogIn@747ddf94]" started-at="2021-12-29T17:15:28 IST" name="TC_Positive_Verify_that_Client_Should_getValidMessage_onUsing_RegisteredEmail" description="Verify that client should get the valid message when using registered email" finished-at="2021-12-29T17:15:34 IST" duration-ms="5317" status="PASS">
          <reporter-output>
          </reporter-output>
        </test-method> <!-- TC_Positive_Verify_that_Client_Should_getValidMessage_onUsing_RegisteredEmail -->
        <test-method is-config="true" signature="teardown()[pri:0, instance:tests.ClientLogIn@747ddf94]" started-at="2021-12-29T17:15:34 IST" name="teardown" finished-at="2021-12-29T17:15:34 IST" duration-ms="0" status="PASS">
          <reporter-output>
          </reporter-output>
        </test-method> <!-- teardown -->
      </class> <!-- tests.ClientLogIn -->
    </test> <!-- LoginTest -->
  </suite> <!-- N11 Test Suite -->
</testng-results>
