<?xml version="1.0" encoding="UTF-8"?>
<testng-results ignored="0" total="4" passed="4" failed="0" skipped="0">
  <reporter-output>
  </reporter-output>
  <suite started-at="2022-01-11T00:00:31 IST" name="N11 Test Suite" finished-at="2022-01-11T00:01:28 IST" duration-ms="57568">
    <groups>
    </groups>
    <test started-at="2022-01-11T00:00:31 IST" name="LoginTest" finished-at="2022-01-11T00:01:28 IST" duration-ms="57568">
      <class name="tests.AgentSignIn">
        <test-method is-config="true" signature="setup()[pri:0, instance:tests.AgentSignIn@4f83df68]" started-at="2022-01-11T00:00:31 IST" name="setup" finished-at="2022-01-11T00:00:35 IST" duration-ms="3793" status="PASS">
          <reporter-output>
          </reporter-output>
        </test-method> <!-- setup -->
        <test-method signature="TC_Negative_Verify_that_Agent_ShouldGet_TheValidationError_InCaseOfInvalidEmail()[pri:0, instance:tests.AgentSignIn@4f83df68]" started-at="2022-01-11T00:00:35 IST" name="TC_Negative_Verify_that_Agent_ShouldGet_TheValidationError_InCaseOfInvalidEmail" description="Verify that agent should get validation error in case of invalid email" finished-at="2022-01-11T00:01:01 IST" duration-ms="25998" status="PASS">
          <reporter-output>
          </reporter-output>
        </test-method> <!-- TC_Negative_Verify_that_Agent_ShouldGet_TheValidationError_InCaseOfInvalidEmail -->
        <test-method signature="TC_Negative_Verify_that_Agent_ShouldGet_TheValidationError_InCaseOfEmptyField()[pri:1, instance:tests.AgentSignIn@4f83df68]" started-at="2022-01-11T00:01:01 IST" name="TC_Negative_Verify_that_Agent_ShouldGet_TheValidationError_InCaseOfEmptyField" description="Verify that agent should get validation error in case of empty field" finished-at="2022-01-11T00:01:16 IST" duration-ms="15254" status="PASS">
          <reporter-output>
          </reporter-output>
        </test-method> <!-- TC_Negative_Verify_that_Agent_ShouldGet_TheValidationError_InCaseOfEmptyField -->
        <test-method signature="TC_Negative_Verify_that_Agent_ShouldGet_TheValidationError_InCaseOf_NonExistingEmail()[pri:2, instance:tests.AgentSignIn@4f83df68]" started-at="2022-01-11T00:01:16 IST" name="TC_Negative_Verify_that_Agent_ShouldGet_TheValidationError_InCaseOf_NonExistingEmail" description="Verify that agent should get validation error in case of non existing email" finished-at="2022-01-11T00:01:24 IST" duration-ms="7911" status="PASS">
          <reporter-output>
          </reporter-output>
        </test-method> <!-- TC_Negative_Verify_that_Agent_ShouldGet_TheValidationError_InCaseOf_NonExistingEmail -->
        <test-method signature="TC_Negative_Verify_that_Agent_ShouldBeAble_ToCancel_Close_login_Popup()[pri:3, instance:tests.AgentSignIn@4f83df68]" started-at="2022-01-11T00:01:24 IST" name="TC_Negative_Verify_that_Agent_ShouldBeAble_ToCancel_Close_login_Popup" description="Verify that agent should be able to cancel/close login pop-up" finished-at="2022-01-11T00:01:28 IST" duration-ms="4525" status="PASS">
          <reporter-output>
          </reporter-output>
        </test-method> <!-- TC_Negative_Verify_that_Agent_ShouldBeAble_ToCancel_Close_login_Popup -->
        <test-method is-config="true" signature="teardown()[pri:0, instance:tests.AgentSignIn@4f83df68]" started-at="2022-01-11T00:01:28 IST" name="teardown" finished-at="2022-01-11T00:01:28 IST" duration-ms="1" status="PASS">
          <reporter-output>
          </reporter-output>
        </test-method> <!-- teardown -->
      </class> <!-- tests.AgentSignIn -->
    </test> <!-- LoginTest -->
  </suite> <!-- N11 Test Suite -->
</testng-results>
