<?xml version="1.0" encoding="UTF-8"?>
<testng-results ignored="0" total="2" passed="2" failed="0" skipped="0">
  <reporter-output>
  </reporter-output>
  <suite started-at="2021-12-30T19:48:40 IST" name="N11 Test Suite" finished-at="2021-12-30T19:49:50 IST" duration-ms="70138">
    <groups>
    </groups>
    <test started-at="2021-12-30T19:48:40 IST" name="LoginTest" finished-at="2021-12-30T19:49:50 IST" duration-ms="70138">
      <class name="tests.AgentSignUp">
        <test-method is-config="true" signature="setup()[pri:0, instance:tests.AgentSignUp@49139829]" started-at="2021-12-30T19:48:40 IST" name="setup" finished-at="2021-12-30T19:48:44 IST" duration-ms="4289" status="PASS">
          <reporter-output>
          </reporter-output>
        </test-method> <!-- setup -->
        <test-method signature="TC_Negative_Verify_that_Agent_ShouldGet_TheValidationError_InCaseOfEmptyFields()[pri:0, instance:tests.AgentSignUp@49139829]" started-at="2021-12-30T19:48:44 IST" name="TC_Negative_Verify_that_Agent_ShouldGet_TheValidationError_InCaseOfEmptyFields" description="Verify that agent should get validation error in case of empty fields" finished-at="2021-12-30T19:48:56 IST" duration-ms="12227" status="PASS">
          <reporter-output>
          </reporter-output>
        </test-method> <!-- TC_Negative_Verify_that_Agent_ShouldGet_TheValidationError_InCaseOfEmptyFields -->
        <test-method signature="TC_Negative_Verify_that_Agent_Should_ValidateFirstForm_InCaseOfValidFields()[pri:1, instance:tests.AgentSignUp@49139829]" started-at="2021-12-30T19:48:57 IST" name="TC_Negative_Verify_that_Agent_Should_ValidateFirstForm_InCaseOfValidFields" description="Verify that agent should get validate first form in case of valid fields" finished-at="2021-12-30T19:49:50 IST" duration-ms="53473" status="PASS">
          <reporter-output>
          </reporter-output>
        </test-method> <!-- TC_Negative_Verify_that_Agent_Should_ValidateFirstForm_InCaseOfValidFields -->
        <test-method is-config="true" signature="teardown()[pri:0, instance:tests.AgentSignUp@49139829]" started-at="2021-12-30T19:49:50 IST" name="teardown" finished-at="2021-12-30T19:49:50 IST" duration-ms="0" status="PASS">
          <reporter-output>
          </reporter-output>
        </test-method> <!-- teardown -->
      </class> <!-- tests.AgentSignUp -->
    </test> <!-- LoginTest -->
  </suite> <!-- N11 Test Suite -->
</testng-results>
