<?xml version="1.0" encoding="UTF-8"?>
<testng-results ignored="0" total="8" passed="8" failed="0" skipped="0">
  <reporter-output>
  </reporter-output>
  <suite started-at="2022-01-11T16:15:25 IST" name="N11 Test Suite" finished-at="2022-01-11T16:17:02 IST" duration-ms="97667">
    <groups>
    </groups>
    <test started-at="2022-01-11T16:15:25 IST" name="LoginTest" finished-at="2022-01-11T16:17:02 IST" duration-ms="97667">
      <class name="tests.AgentSignIn">
        <test-method is-config="true" signature="setup()[pri:0, instance:tests.AgentSignIn@74f0ea28]" started-at="2022-01-11T16:15:25 IST" name="setup" finished-at="2022-01-11T16:15:29 IST" duration-ms="4299" status="PASS">
          <reporter-output>
          </reporter-output>
        </test-method> <!-- setup -->
        <test-method signature="TC_Negative_Verify_that_Agent_ShouldGet_TheValidationError_InCaseOfInvalidEmail()[pri:1, instance:tests.AgentSignIn@74f0ea28]" started-at="2022-01-11T16:15:29 IST" name="TC_Negative_Verify_that_Agent_ShouldGet_TheValidationError_InCaseOfInvalidEmail" description="Verify that agent should get validation error in case of invalid email" finished-at="2022-01-11T16:15:43 IST" duration-ms="13757" status="PASS">
          <reporter-output>
          </reporter-output>
        </test-method> <!-- TC_Negative_Verify_that_Agent_ShouldGet_TheValidationError_InCaseOfInvalidEmail -->
        <test-method signature="TC_Negative_Verify_that_Agent_ShouldGet_TheValidationError_InCaseOfMissing_Domain()[pri:2, instance:tests.AgentSignIn@74f0ea28]" started-at="2022-01-11T16:15:43 IST" name="TC_Negative_Verify_that_Agent_ShouldGet_TheValidationError_InCaseOfMissing_Domain" description="Verify that agent should get validation error in case of missing domain or @" finished-at="2022-01-11T16:15:52 IST" duration-ms="9499" status="PASS">
          <reporter-output>
          </reporter-output>
        </test-method> <!-- TC_Negative_Verify_that_Agent_ShouldGet_TheValidationError_InCaseOfMissing_Domain -->
        <test-method signature="TC_Negative_Verify_that_Agent_ShouldGet_TheValidationError_InCaseOfUsing_SpecialCharacters()[pri:3, instance:tests.AgentSignIn@74f0ea28]" started-at="2022-01-11T16:15:52 IST" name="TC_Negative_Verify_that_Agent_ShouldGet_TheValidationError_InCaseOfUsing_SpecialCharacters" description="Verify that agent should get validation error in case using special characters" finished-at="2022-01-11T16:16:02 IST" duration-ms="9367" status="PASS">
          <reporter-output>
          </reporter-output>
        </test-method> <!-- TC_Negative_Verify_that_Agent_ShouldGet_TheValidationError_InCaseOfUsing_SpecialCharacters -->
        <test-method signature="TC_Negative_Verify_that_Agent_ShouldGet_TheValidationError_InCaseOfEmptyField()[pri:4, instance:tests.AgentSignIn@74f0ea28]" started-at="2022-01-11T16:16:02 IST" name="TC_Negative_Verify_that_Agent_ShouldGet_TheValidationError_InCaseOfEmptyField" description="Verify that agent should get validation error in case of empty field" finished-at="2022-01-11T16:16:11 IST" duration-ms="9022" status="PASS">
          <reporter-output>
          </reporter-output>
        </test-method> <!-- TC_Negative_Verify_that_Agent_ShouldGet_TheValidationError_InCaseOfEmptyField -->
        <test-method signature="TC_Negative_Verify_that_Agent_ShouldGet_TheValidationError_InCaseOf_NonExistingEmail()[pri:5, instance:tests.AgentSignIn@74f0ea28]" started-at="2022-01-11T16:16:11 IST" name="TC_Negative_Verify_that_Agent_ShouldGet_TheValidationError_InCaseOf_NonExistingEmail" description="Verify that agent should get validation error in case of non existing email" finished-at="2022-01-11T16:16:17 IST" duration-ms="6581" status="PASS">
          <reporter-output>
          </reporter-output>
        </test-method> <!-- TC_Negative_Verify_that_Agent_ShouldGet_TheValidationError_InCaseOf_NonExistingEmail -->
        <test-method signature="TC_Negative_Verify_that_Agent_ShouldBeAble_ToCancel_Close_login_Popup()[pri:6, instance:tests.AgentSignIn@74f0ea28]" started-at="2022-01-11T16:16:17 IST" name="TC_Negative_Verify_that_Agent_ShouldBeAble_ToCancel_Close_login_Popup" description="Verify that agent should be able to cancel/close login pop-up" finished-at="2022-01-11T16:16:22 IST" duration-ms="4366" status="PASS">
          <reporter-output>
          </reporter-output>
        </test-method> <!-- TC_Negative_Verify_that_Agent_ShouldBeAble_ToCancel_Close_login_Popup -->
        <test-method signature="TC_Positive_Verify_that_Agent_ShouldBeAble_ToSent_VerificationLink_OnRegisteredEmail()[pri:7, instance:tests.AgentSignIn@74f0ea28]" started-at="2022-01-11T16:16:22 IST" name="TC_Positive_Verify_that_Agent_ShouldBeAble_ToSent_VerificationLink_OnRegisteredEmail" description="Verify that agent should be able to sent verification link on registered email for login" finished-at="2022-01-11T16:16:30 IST" duration-ms="7805" status="PASS">
          <reporter-output>
          </reporter-output>
        </test-method> <!-- TC_Positive_Verify_that_Agent_ShouldBeAble_ToSent_VerificationLink_OnRegisteredEmail -->
        <test-method signature="TC_Positive_Verify_that_Agent_ShouldBeAble_ToLoginThrough_VerificationLinkSent_OnRegisteredEmail()[pri:8, instance:tests.AgentSignIn@74f0ea28]" started-at="2022-01-11T16:16:30 IST" name="TC_Positive_Verify_that_Agent_ShouldBeAble_ToLoginThrough_VerificationLinkSent_OnRegisteredEmail" description="Verify that agent should be able to login through email link verification" finished-at="2022-01-11T16:17:02 IST" duration-ms="32855" status="PASS">
          <reporter-output>
          </reporter-output>
        </test-method> <!-- TC_Positive_Verify_that_Agent_ShouldBeAble_ToLoginThrough_VerificationLinkSent_OnRegisteredEmail -->
        <test-method is-config="true" signature="teardown()[pri:0, instance:tests.AgentSignIn@74f0ea28]" started-at="2022-01-11T16:17:02 IST" name="teardown" finished-at="2022-01-11T16:17:02 IST" duration-ms="1" status="PASS">
          <reporter-output>
          </reporter-output>
        </test-method> <!-- teardown -->
      </class> <!-- tests.AgentSignIn -->
    </test> <!-- LoginTest -->
  </suite> <!-- N11 Test Suite -->
</testng-results>
